Determining if the pthread_create exist failed with the following output:
Change Dir: /home/ros_user/Desktop/ws/build/CMakeFiles/CMakeTmp

Run Build Command:"/usr/bin/make" "cmTC_2cb31/fast"
/usr/bin/make -f CMakeFiles/cmTC_2cb31.dir/build.make CMakeFiles/cmTC_2cb31.dir/build
make[1]: Entering directory '/home/ros_user/Desktop/ws/build/CMakeFiles/CMakeTmp'
Building C object CMakeFiles/cmTC_2cb31.dir/CheckSymbolExists.c.o
/usr/bin/cc     -o CMakeFiles/cmTC_2cb31.dir/CheckSymbolExists.c.o   -c /home/ros_user/Desktop/ws/build/CMakeFiles/CMakeTmp/CheckSymbolExists.c
Linking C executable cmTC_2cb31
/usr/bin/cmake -E cmake_link_script CMakeFiles/cmTC_2cb31.dir/link.txt --verbose=1
/usr/bin/cc       CMakeFiles/cmTC_2cb31.dir/CheckSymbolExists.c.o  -o cmTC_2cb31 -rdynamic 
CMakeFiles/cmTC_2cb31.dir/CheckSymbolExists.c.o: In function `main':
CheckSymbolExists.c:(.text+0x16): undefined reference to `pthread_create'
collect2: error: ld returned 1 exit status
CMakeFiles/cmTC_2cb31.dir/build.make:97: recipe for target 'cmTC_2cb31' failed
make[1]: *** [cmTC_2cb31] Error 1
make[1]: Leaving directory '/home/ros_user/Desktop/ws/build/CMakeFiles/CMakeTmp'
Makefile:126: recipe for target 'cmTC_2cb31/fast' failed
make: *** [cmTC_2cb31/fast] Error 2

File /home/ros_user/Desktop/ws/build/CMakeFiles/CMakeTmp/CheckSymbolExists.c:
/* */
#include <pthread.h>

int main(int argc, char** argv)
{
  (void)argv;
#ifndef pthread_create
  return ((int*)(&pthread_create))[argc];
#else
  (void)argc;
  return 0;
#endif
}

Determining if the function pthread_create exists in the pthreads failed with the following output:
Change Dir: /home/ros_user/Desktop/ws/build/CMakeFiles/CMakeTmp

Run Build Command:"/usr/bin/make" "cmTC_ad22c/fast"
/usr/bin/make -f CMakeFiles/cmTC_ad22c.dir/build.make CMakeFiles/cmTC_ad22c.dir/build
make[1]: Entering directory '/home/ros_user/Desktop/ws/build/CMakeFiles/CMakeTmp'
Building C object CMakeFiles/cmTC_ad22c.dir/CheckFunctionExists.c.o
/usr/bin/cc    -DCHECK_FUNCTION_EXISTS=pthread_create   -o CMakeFiles/cmTC_ad22c.dir/CheckFunctionExists.c.o   -c /usr/share/cmake-3.5/Modules/CheckFunctionExists.c
Linking C executable cmTC_ad22c
/usr/bin/cmake -E cmake_link_script CMakeFiles/cmTC_ad22c.dir/link.txt --verbose=1
/usr/bin/cc   -DCHECK_FUNCTION_EXISTS=pthread_create    CMakeFiles/cmTC_ad22c.dir/CheckFunctionExists.c.o  -o cmTC_ad22c -rdynamic -lpthreads 
/usr/bin/ld: cannot find -lpthreads
collect2: error: ld returned 1 exit status
CMakeFiles/cmTC_ad22c.dir/build.make:97: recipe for target 'cmTC_ad22c' failed
make[1]: *** [cmTC_ad22c] Error 1
make[1]: Leaving directory '/home/ros_user/Desktop/ws/build/CMakeFiles/CMakeTmp'
Makefile:126: recipe for target 'cmTC_ad22c/fast' failed
make: *** [cmTC_ad22c/fast] Error 2


Determining if the Q_WS_WIN exist failed with the following output:
Change Dir: /home/ros_user/Desktop/ws/build/CMakeFiles/CMakeTmp

Run Build Command:"/usr/bin/make" "cmTC_f1588/fast"
/usr/bin/make -f CMakeFiles/cmTC_f1588.dir/build.make CMakeFiles/cmTC_f1588.dir/build
make[1]: Entering directory '/home/ros_user/Desktop/ws/build/CMakeFiles/CMakeTmp'
Building CXX object CMakeFiles/cmTC_f1588.dir/CheckSymbolExists.cxx.o
/usr/bin/c++    -I/usr/include/qt4   -o CMakeFiles/cmTC_f1588.dir/CheckSymbolExists.cxx.o -c /home/ros_user/Desktop/ws/build/CMakeFiles/CMakeTmp/CheckSymbolExists.cxx
/home/ros_user/Desktop/ws/build/CMakeFiles/CMakeTmp/CheckSymbolExists.cxx: In function ‘int main(int, char**)’:
/home/ros_user/Desktop/ws/build/CMakeFiles/CMakeTmp/CheckSymbolExists.cxx:8:19: error: ‘Q_WS_WIN’ was not declared in this scope
   return ((int*)(&Q_WS_WIN))[argc];
                   ^
CMakeFiles/cmTC_f1588.dir/build.make:65: recipe for target 'CMakeFiles/cmTC_f1588.dir/CheckSymbolExists.cxx.o' failed
make[1]: *** [CMakeFiles/cmTC_f1588.dir/CheckSymbolExists.cxx.o] Error 1
make[1]: Leaving directory '/home/ros_user/Desktop/ws/build/CMakeFiles/CMakeTmp'
Makefile:126: recipe for target 'cmTC_f1588/fast' failed
make: *** [cmTC_f1588/fast] Error 2

File /home/ros_user/Desktop/ws/build/CMakeFiles/CMakeTmp/CheckSymbolExists.cxx:
/* */
#include <QtCore/qglobal.h>

int main(int argc, char** argv)
{
  (void)argv;
#ifndef Q_WS_WIN
  return ((int*)(&Q_WS_WIN))[argc];
#else
  (void)argc;
  return 0;
#endif
}

Determining if the Q_WS_QWS exist failed with the following output:
Change Dir: /home/ros_user/Desktop/ws/build/CMakeFiles/CMakeTmp

Run Build Command:"/usr/bin/make" "cmTC_0177f/fast"
/usr/bin/make -f CMakeFiles/cmTC_0177f.dir/build.make CMakeFiles/cmTC_0177f.dir/build
make[1]: Entering directory '/home/ros_user/Desktop/ws/build/CMakeFiles/CMakeTmp'
Building CXX object CMakeFiles/cmTC_0177f.dir/CheckSymbolExists.cxx.o
/usr/bin/c++    -I/usr/include/qt4   -o CMakeFiles/cmTC_0177f.dir/CheckSymbolExists.cxx.o -c /home/ros_user/Desktop/ws/build/CMakeFiles/CMakeTmp/CheckSymbolExists.cxx
/home/ros_user/Desktop/ws/build/CMakeFiles/CMakeTmp/CheckSymbolExists.cxx: In function ‘int main(int, char**)’:
/home/ros_user/Desktop/ws/build/CMakeFiles/CMakeTmp/CheckSymbolExists.cxx:8:19: error: ‘Q_WS_QWS’ was not declared in this scope
   return ((int*)(&Q_WS_QWS))[argc];
                   ^
CMakeFiles/cmTC_0177f.dir/build.make:65: recipe for target 'CMakeFiles/cmTC_0177f.dir/CheckSymbolExists.cxx.o' failed
make[1]: *** [CMakeFiles/cmTC_0177f.dir/CheckSymbolExists.cxx.o] Error 1
make[1]: Leaving directory '/home/ros_user/Desktop/ws/build/CMakeFiles/CMakeTmp'
Makefile:126: recipe for target 'cmTC_0177f/fast' failed
make: *** [cmTC_0177f/fast] Error 2

File /home/ros_user/Desktop/ws/build/CMakeFiles/CMakeTmp/CheckSymbolExists.cxx:
/* */
#include <QtCore/qglobal.h>

int main(int argc, char** argv)
{
  (void)argv;
#ifndef Q_WS_QWS
  return ((int*)(&Q_WS_QWS))[argc];
#else
  (void)argc;
  return 0;
#endif
}

Determining if the Q_WS_MAC exist failed with the following output:
Change Dir: /home/ros_user/Desktop/ws/build/CMakeFiles/CMakeTmp

Run Build Command:"/usr/bin/make" "cmTC_91f34/fast"
/usr/bin/make -f CMakeFiles/cmTC_91f34.dir/build.make CMakeFiles/cmTC_91f34.dir/build
make[1]: Entering directory '/home/ros_user/Desktop/ws/build/CMakeFiles/CMakeTmp'
Building CXX object CMakeFiles/cmTC_91f34.dir/CheckSymbolExists.cxx.o
/usr/bin/c++    -I/usr/include/qt4   -o CMakeFiles/cmTC_91f34.dir/CheckSymbolExists.cxx.o -c /home/ros_user/Desktop/ws/build/CMakeFiles/CMakeTmp/CheckSymbolExists.cxx
/home/ros_user/Desktop/ws/build/CMakeFiles/CMakeTmp/CheckSymbolExists.cxx: In function ‘int main(int, char**)’:
/home/ros_user/Desktop/ws/build/CMakeFiles/CMakeTmp/CheckSymbolExists.cxx:8:19: error: ‘Q_WS_MAC’ was not declared in this scope
   return ((int*)(&Q_WS_MAC))[argc];
                   ^
CMakeFiles/cmTC_91f34.dir/build.make:65: recipe for target 'CMakeFiles/cmTC_91f34.dir/CheckSymbolExists.cxx.o' failed
make[1]: *** [CMakeFiles/cmTC_91f34.dir/CheckSymbolExists.cxx.o] Error 1
make[1]: Leaving directory '/home/ros_user/Desktop/ws/build/CMakeFiles/CMakeTmp'
Makefile:126: recipe for target 'cmTC_91f34/fast' failed
make: *** [cmTC_91f34/fast] Error 2

File /home/ros_user/Desktop/ws/build/CMakeFiles/CMakeTmp/CheckSymbolExists.cxx:
/* */
#include <QtCore/qglobal.h>

int main(int argc, char** argv)
{
  (void)argv;
#ifndef Q_WS_MAC
  return ((int*)(&Q_WS_MAC))[argc];
#else
  (void)argc;
  return 0;
#endif
}

